<?xml version="1.0" encoding="UTF-8"?>
<testsuite name="PlaceTest" tests="13" skipped="0" failures="0" errors="0" timestamp="2021-11-12T10:08:50" hostname="MacBook-Pro-do-Francisco-Bastos.local" time="0.022">
  <properties/>
  <testcase name="getDistrict()" classname="PlaceTest" time="0.001"/>
  <testcase name="testToString()" classname="PlaceTest" time="0.001"/>
  <testcase name="impossiblePlaceTest()" classname="PlaceTest" time="0.001"/>
  <testcase name="getSuperDate()" classname="PlaceTest" time="0.001"/>
  <testcase name="getCity()" classname="PlaceTest" time="0.001"/>
  <testcase name="getParish()" classname="PlaceTest" time="0.001"/>
  <testcase name="getSource()" classname="PlaceTest" time="0.001"/>
  <testcase name="getStreet()" classname="PlaceTest" time="0.001"/>
  <testcase name="testHashCode()" classname="PlaceTest" time="0.003"/>
  <testcase name="testEquals()" classname="PlaceTest" time="0.002"/>
  <testcase name="isSensitive()" classname="PlaceTest" time="0.001"/>
  <testcase name="getDescription()" classname="PlaceTest" time="0.001"/>
  <testcase name="getCountry()" classname="PlaceTest" time="0.001"/>
  <system-out><![CDATA[Do something after each test
Do something after each test
It should not create a place
Do something after each test
Do something after each test
Do something after each test
Do something after each test
Do something after each test
Do something after each test
Do something after each test
Do something after each test
Do something after each test
Do something after each test
Do something after each test
]]></system-out>
  <system-err><![CDATA[]]></system-err>
</testsuite>
