<?xml version="1.0" encoding="UTF-8"?>
<testsuite name="TimePeriodTest" tests="7" skipped="0" failures="0" errors="0" timestamp="2021-11-11T19:38:06" hostname="MacBook-Pro-do-Francisco-Bastos.local" time="0.01">
  <properties/>
  <testcase name="getStartDate()" classname="TimePeriodTest" time="0.001"/>
  <testcase name="testToString()" classname="TimePeriodTest" time="0.001"/>
  <testcase name="impossibleTimePeriod()" classname="TimePeriodTest" time="0.001"/>
  <testcase name="getEndDate()" classname="TimePeriodTest" time="0.001"/>
  <testcase name="testHashCode()" classname="TimePeriodTest" time="0.001"/>
  <testcase name="returnDateString()" classname="TimePeriodTest" time="0.001"/>
  <testcase name="testEquals()" classname="TimePeriodTest" time="0.0"/>
  <system-out><![CDATA[Do something after each test
Do something after each test
It should not create a time period
Do something after each test
Do something after each test
Do something after each test
Do something after each test
Do something after each test
]]></system-out>
  <system-err><![CDATA[]]></system-err>
</testsuite>
