<?xml version="1.0" encoding="UTF-8"?>
<testsuite name="SpecialFieldTest" tests="19" skipped="0" failures="0" errors="0" timestamp="2021-11-07T12:40:46" hostname="MacBook-Pro-do-Francisco-Bastos.local" time="0.026">
  <properties/>
  <testcase name="testToString()" classname="SpecialFieldTest" time="0.0"/>
  <testcase name="getSuperDate()" classname="SpecialFieldTest" time="0.001"/>
  <testcase name="getName()" classname="SpecialFieldTest" time="0.001"/>
  <testcase name="setDescription()" classname="SpecialFieldTest" time="0.001"/>
  <testcase name="setSource()" classname="SpecialFieldTest" time="0.001"/>
  <testcase name="insertPerson()" classname="SpecialFieldTest" time="0.0"/>
  <testcase name="setStandardEvents()" classname="SpecialFieldTest" time="0.002"/>
  <testcase name="getSource()" classname="SpecialFieldTest" time="0.001"/>
  <testcase name="testHashCode()" classname="SpecialFieldTest" time="0.001"/>
  <testcase name="getPersonsInvolved()" classname="SpecialFieldTest" time="0.001"/>
  <testcase name="setSuperDate()" classname="SpecialFieldTest" time="0.001"/>
  <testcase name="testEquals()" classname="SpecialFieldTest" time="0.0"/>
  <testcase name="setPlace()" classname="SpecialFieldTest" time="0.001"/>
  <testcase name="getStandardEvents()" classname="SpecialFieldTest" time="0.001"/>
  <testcase name="isSensitive()" classname="SpecialFieldTest" time="0.0"/>
  <testcase name="getDescription()" classname="SpecialFieldTest" time="0.002"/>
  <testcase name="getPlace()" classname="SpecialFieldTest" time="0.001"/>
  <testcase name="setName()" classname="SpecialFieldTest" time="0.0"/>
  <testcase name="setSensitive()" classname="SpecialFieldTest" time="0.001"/>
  <system-out><![CDATA[]]></system-out>
  <system-err><![CDATA[]]></system-err>
</testsuite>
